0 info it worked if it ends with ok
1 verbose cli [ '/usr/local/bin/node',
1 verbose cli   '/usr/local/bin/npm',
1 verbose cli   'install',
1 verbose cli   'react-infinite',
1 verbose cli   '--save' ]
2 info using npm@2.14.12
3 info using node@v4.3.0
4 verbose install initial load of /Users/carolgonzalez/Documents/ReactSlide/package.json
5 warn package.json reactslide@1.0.0 No description
6 warn package.json reactslide@1.0.0 No README data
7 verbose installManyTop reading scoped package data from /Users/carolgonzalez/Documents/ReactSlide/node_modules/babel/package.json
8 verbose installManyTop reading scoped package data from /Users/carolgonzalez/Documents/ReactSlide/node_modules/babel-core/package.json
9 verbose installManyTop reading scoped package data from /Users/carolgonzalez/Documents/ReactSlide/node_modules/babel-loader/package.json
10 verbose installManyTop reading scoped package data from /Users/carolgonzalez/Documents/ReactSlide/node_modules/babel-preset-es2015/package.json
11 verbose installManyTop reading scoped package data from /Users/carolgonzalez/Documents/ReactSlide/node_modules/babel-preset-react/package.json
12 verbose installManyTop reading scoped package data from /Users/carolgonzalez/Documents/ReactSlide/node_modules/jquery/package.json
13 verbose installManyTop reading scoped package data from /Users/carolgonzalez/Documents/ReactSlide/node_modules/nodemon/package.json
14 verbose installManyTop reading scoped package data from /Users/carolgonzalez/Documents/ReactSlide/node_modules/react/package.json
15 verbose installManyTop reading scoped package data from /Users/carolgonzalez/Documents/ReactSlide/node_modules/react-dom/package.json
16 verbose installManyTop reading scoped package data from /Users/carolgonzalez/Documents/ReactSlide/node_modules/react-masonry-component/package.json
17 verbose installManyTop reading scoped package data from /Users/carolgonzalez/Documents/ReactSlide/node_modules/webpack/package.json
18 verbose readDependencies loading dependencies from /Users/carolgonzalez/Documents/ReactSlide/package.json
19 silly cache add args [ 'react-infinite', null ]
20 verbose cache add spec react-infinite
21 silly cache add parsed spec Result {
21 silly cache add   raw: 'react-infinite',
21 silly cache add   scope: null,
21 silly cache add   name: 'react-infinite',
21 silly cache add   rawSpec: '',
21 silly cache add   spec: 'latest',
21 silly cache add   type: 'tag' }
22 silly addNamed react-infinite@latest
23 verbose addNamed "latest" is being treated as a dist-tag for react-infinite
24 info addNameTag [ 'react-infinite', 'latest' ]
25 silly mapToRegistry name react-infinite
26 silly mapToRegistry using default registry
27 silly mapToRegistry registry https://registry.npmjs.org/
28 silly mapToRegistry uri https://registry.npmjs.org/react-infinite
29 verbose addNameTag registry:https://registry.npmjs.org/react-infinite not in flight; fetching
30 verbose request uri https://registry.npmjs.org/react-infinite
31 verbose request no auth needed
32 info attempt registry request try #1 at 1:54:07 PM
33 verbose request id e2d37e1d3f045887
34 http request GET https://registry.npmjs.org/react-infinite
35 http 200 https://registry.npmjs.org/react-infinite
36 verbose headers { server: 'CouchDB/1.5.0 (Erlang OTP/R16B03)',
36 verbose headers   etag: '"4UUAWIA87QKF7ZGVWCK7S6X2V"',
36 verbose headers   'content-type': 'application/json',
36 verbose headers   'cache-control': 'max-age=300',
36 verbose headers   'content-length': '83279',
36 verbose headers   'accept-ranges': 'bytes',
36 verbose headers   date: 'Thu, 07 Apr 2016 20:54:07 GMT',
36 verbose headers   via: '1.1 varnish',
36 verbose headers   age: '0',
36 verbose headers   connection: 'keep-alive',
36 verbose headers   'x-served-by': 'cache-dfw1845-DFW',
36 verbose headers   'x-cache': 'HIT',
36 verbose headers   'x-cache-hits': '1',
36 verbose headers   'x-timer': 'S1460062447.760195,VS0,VE45',
36 verbose headers   vary: 'Accept-Encoding' }
37 silly get cb [ 200,
37 silly get   { server: 'CouchDB/1.5.0 (Erlang OTP/R16B03)',
37 silly get     etag: '"4UUAWIA87QKF7ZGVWCK7S6X2V"',
37 silly get     'content-type': 'application/json',
37 silly get     'cache-control': 'max-age=300',
37 silly get     'content-length': '83279',
37 silly get     'accept-ranges': 'bytes',
37 silly get     date: 'Thu, 07 Apr 2016 20:54:07 GMT',
37 silly get     via: '1.1 varnish',
37 silly get     age: '0',
37 silly get     connection: 'keep-alive',
37 silly get     'x-served-by': 'cache-dfw1845-DFW',
37 silly get     'x-cache': 'HIT',
37 silly get     'x-cache-hits': '1',
37 silly get     'x-timer': 'S1460062447.760195,VS0,VE45',
37 silly get     vary: 'Accept-Encoding' } ]
38 verbose get saving react-infinite to /Users/carolgonzalez/.npm/registry.npmjs.org/react-infinite/.cache.json
39 silly addNameTag next cb for react-infinite with tag latest
40 silly addNamed react-infinite@0.9.0
41 verbose addNamed "0.9.0" is a plain semver version for react-infinite
42 silly mapToRegistry name react-infinite
43 silly mapToRegistry using default registry
44 silly mapToRegistry registry https://registry.npmjs.org/
45 silly mapToRegistry uri https://registry.npmjs.org/react-infinite
46 verbose addRemoteTarball https://registry.npmjs.org/react-infinite/-/react-infinite-0.9.0.tgz not in flight; adding
47 verbose addRemoteTarball [ 'https://registry.npmjs.org/react-infinite/-/react-infinite-0.9.0.tgz',
47 verbose addRemoteTarball   '09adf1f8665e1852c7a01f83ed212085163bf5ef' ]
48 info retry fetch attempt 1 at 1:54:07 PM
49 info attempt registry request try #1 at 1:54:07 PM
50 http fetch GET https://registry.npmjs.org/react-infinite/-/react-infinite-0.9.0.tgz
51 http fetch 200 https://registry.npmjs.org/react-infinite/-/react-infinite-0.9.0.tgz
52 silly fetchAndShaCheck shasum 09adf1f8665e1852c7a01f83ed212085163bf5ef
53 verbose addTmpTarball /var/folders/_s/1ghwfb4167gdhst_8jv7rvvc0000gn/T/npm-8298-41ac2836/registry.npmjs.org/react-infinite/-/react-infinite-0.9.0.tgz not in flight; adding
54 verbose addTmpTarball already have metadata; skipping unpack for react-infinite@0.9.0
55 silly cache afterAdd react-infinite@0.9.0
56 verbose afterAdd /Users/carolgonzalez/.npm/react-infinite/0.9.0/package/package.json not in flight; writing
57 verbose afterAdd /Users/carolgonzalez/.npm/react-infinite/0.9.0/package/package.json written
58 silly install resolved [ { name: 'react-infinite',
58 silly install resolved     version: '0.9.0',
58 silly install resolved     description: 'A browser-ready efficient scrolling container based on UITableView',
58 silly install resolved     main: 'build/react-infinite.js',
58 silly install resolved     repository:
58 silly install resolved      { type: 'git',
58 silly install resolved        url: 'git+https://github.com/seatgeek/react-infinite.git' },
58 silly install resolved     keywords:
58 silly install resolved      [ 'react',
58 silly install resolved        'react-component',
58 silly install resolved        'scrolling',
58 silly install resolved        'uitableview',
58 silly install resolved        'infinite' ],
58 silly install resolved     author: { name: 'Gareth Tan' },
58 silly install resolved     license: 'BSD-3-Clause',
58 silly install resolved     bugs: { url: 'https://github.com/seatgeek/react-infinite/issues' },
58 silly install resolved     browser: 'build/react-infinite.js',
58 silly install resolved     scripts:
58 silly install resolved      { test: 'node ./node_modules/.bin/jest',
58 silly install resolved        lint: 'eslint ./src --ext .jsx --ext .js',
58 silly install resolved        fix: 'eslint --fix --ext .jsx --ext .js ./src ./__tests__ ./pipeline',
58 silly install resolved        typecheck: 'flow check',
58 silly install resolved        verify: 'npm test && npm run typecheck && npm run lint',
58 silly install resolved        preversion: 'npm run verify',
58 silly install resolved        prepublish: 'gulp release' },
58 silly install resolved     jest:
58 silly install resolved      { scriptPreprocessor: '<rootDir>/node_modules/babel-jest',
58 silly install resolved        testPathDirs: [Object],
58 silly install resolved        testPathIgnorePatterns: [Object],
58 silly install resolved        testFileExtensions: [Object],
58 silly install resolved        unmockedModulePathPatterns: [Object],
58 silly install resolved        collectCoverage: true,
58 silly install resolved        verbose: true },
58 silly install resolved     homepage: 'https://github.com/seatgeek/react-infinite',
58 silly install resolved     devDependencies:
58 silly install resolved      { 'babel-eslint': '^4.0.7',
58 silly install resolved        'babel-jest': '^5.3.0',
58 silly install resolved        babelify: '^6.3.0',
58 silly install resolved        browserify: '^9.0.3',
58 silly install resolved        coveralls: '^2.11.2',
58 silly install resolved        del: '2.0.2',
58 silly install resolved        envify: '3.4.0',
58 silly install resolved        eslint: '1.9.0',
58 silly install resolved        'eslint-config-semistandard': '^5.0.0',
58 silly install resolved        'eslint-config-standard': '^4.1.0',
58 silly install resolved        'eslint-plugin-react': '^3.2.3',
58 silly install resolved        'eslint-plugin-standard': '^1.2.0',
58 silly install resolved        'flow-bin': '0.22.0',
58 silly install resolved        gulp: '^3.8.8',
58 silly install resolved        'gulp-babel': '^5.2.1',
58 silly install resolved        'gulp-concat': '^2.4.3',
58 silly install resolved        'gulp-size': '^2.0.0',
58 silly install resolved        'gulp-sourcemaps': '^1.2.4',
58 silly install resolved        'gulp-uglify': '^1.0.1',
58 silly install resolved        'gulp-webserver': '^0.9.1',
58 silly install resolved        'jest-cli': '0.4.19',
58 silly install resolved        moment: '^2.10.6',
58 silly install resolved        'react-addons-test-utils': '15.0.0-rc.1',
58 silly install resolved        uglifyify: '3.0.1',
58 silly install resolved        'vinyl-buffer': '^1.0.0',
58 silly install resolved        'vinyl-source-stream': '^1.0.0',
58 silly install resolved        watch: '^0.16.0',
58 silly install resolved        watchify: '^3.4.0',
58 silly install resolved        yargs: '^1.3.2' },
58 silly install resolved     dependencies:
58 silly install resolved      { 'lodash.isarray': '3.0.4',
58 silly install resolved        'lodash.isfinite': '3.2.0',
58 silly install resolved        'object-assign': '4.0.1' },
58 silly install resolved     peerDependencies: { react: '15.0.0-rc.1', 'react-dom': '15.0.0-rc.1' },
58 silly install resolved     browserify: { transform: [Object] },
58 silly install resolved     gitHead: 'b2d377c8ed0afa98c043233e192222b256caa0b5',
58 silly install resolved     _id: 'react-infinite@0.9.0',
58 silly install resolved     _shasum: '09adf1f8665e1852c7a01f83ed212085163bf5ef',
58 silly install resolved     _from: 'react-infinite@latest',
58 silly install resolved     _npmVersion: '2.14.4',
58 silly install resolved     _nodeVersion: '0.10.42',
58 silly install resolved     _npmUser: { name: 'garetht', email: 'garethwtan@gmail.com' },
58 silly install resolved     maintainers: [ [Object] ],
58 silly install resolved     dist:
58 silly install resolved      { shasum: '09adf1f8665e1852c7a01f83ed212085163bf5ef',
58 silly install resolved        tarball: 'https://registry.npmjs.org/react-infinite/-/react-infinite-0.9.0.tgz' },
58 silly install resolved     _npmOperationalInternal:
58 silly install resolved      { host: 'packages-12-west.internal.npmjs.com',
58 silly install resolved        tmp: 'tmp/react-infinite-0.9.0.tgz_1457766564961_0.5506125048268586' },
58 silly install resolved     directories: {},
58 silly install resolved     _resolved: 'https://registry.npmjs.org/react-infinite/-/react-infinite-0.9.0.tgz' } ]
59 info install react-infinite@0.9.0 into /Users/carolgonzalez/Documents/ReactSlide
60 info installOne react-infinite@0.9.0
61 verbose installOne of react-infinite to /Users/carolgonzalez/Documents/ReactSlide not in flight; installing
62 verbose lock using /Users/carolgonzalez/.npm/_locks/react-infinite-4e8a5a45ab835a26.lock for /Users/carolgonzalez/Documents/ReactSlide/node_modules/react-infinite
63 silly install write writing react-infinite 0.9.0 to /Users/carolgonzalez/Documents/ReactSlide/node_modules/react-infinite
64 verbose unbuild node_modules/react-infinite
65 silly gentlyRm /Users/carolgonzalez/Documents/ReactSlide/node_modules/react-infinite is being purged from base /Users/carolgonzalez/Documents/ReactSlide
66 verbose gentlyRm don't care about contents; nuking /Users/carolgonzalez/Documents/ReactSlide/node_modules/react-infinite
67 verbose tar unpack /Users/carolgonzalez/.npm/react-infinite/0.9.0/package.tgz
68 verbose tar unpacking to /Users/carolgonzalez/Documents/ReactSlide/node_modules/react-infinite
69 silly gentlyRm /Users/carolgonzalez/Documents/ReactSlide/node_modules/react-infinite is being purged
70 verbose gentlyRm don't care about contents; nuking /Users/carolgonzalez/Documents/ReactSlide/node_modules/react-infinite
71 silly gunzTarPerm modes [ '755', '644' ]
72 silly gunzTarPerm extractEntry package.json
73 silly gunzTarPerm extractEntry .npmignore
74 silly gunzTarPerm extractEntry README.md
75 silly gunzTarPerm extractEntry Gulpfile.js
76 silly gunzTarPerm extractEntry .travis.yml
77 silly gunzTarPerm extractEntry .eslintrc
78 silly gunzTarPerm extractEntry LICENSE.txt
79 silly gunzTarPerm extractEntry .flowconfig
80 silly gunzTarPerm extractEntry __tests__/array_infinite_computer_test.js
81 silly gunzTarPerm extractEntry __tests__/binary_search_test.js
82 silly gunzTarPerm extractEntry __tests__/bottom_upwards_infinite_test.js
83 silly gunzTarPerm extractEntry __tests__/constant_infinite_computer_test.js
84 silly gunzTarPerm extractEntry __tests__/infinite_error_test.js
85 silly gunzTarPerm extractEntry __tests__/infinite_styles_test.js
86 silly gunzTarPerm extractEntry __tests__/infinite_test.js
87 silly gunzTarPerm extractEntry __tests__/helpers/renderHelpers.js
88 silly gunzTarPerm extractEntry bower.json
89 silly gunzTarPerm extractEntry .coveralls.yml
90 silly gunzTarPerm extractEntry build/react-infinite.js
91 silly gunzTarPerm extractEntry build/computers/arrayInfiniteComputer.js
92 silly gunzTarPerm extractEntry build/computers/constantInfiniteComputer.js
93 silly gunzTarPerm extractEntry build/computers/infiniteComputer.js
94 silly gunzTarPerm extractEntry build/utils/binaryIndexSearch.js
95 silly gunzTarPerm extractEntry build/utils/checkProps.js
96 silly gunzTarPerm extractEntry build/utils/establish-polyfills.js
97 silly gunzTarPerm extractEntry build/utils/infiniteHelpers.js
98 silly gunzTarPerm extractEntry build/utils/scaleEnum.js
99 silly gunzTarPerm extractEntry build/utils/types.js
100 silly gunzTarPerm extractEntry config/travis/test.sh
101 silly gunzTarPerm extractEntry dist/react-infinite.js
102 silly gunzTarPerm extractEntry dist/react-infinite.min.js
103 silly gunzTarPerm extractEntry docs/developing.md
104 silly gunzTarPerm extractEntry examples/borderless-window.html
105 silly gunzTarPerm extractEntry examples/borderless-window.jsx
106 silly gunzTarPerm extractEntry examples/chat.html
107 silly gunzTarPerm extractEntry examples/chat.jsx
108 silly gunzTarPerm extractEntry examples/example.html
109 silly gunzTarPerm extractEntry examples/index.jsx
110 silly gunzTarPerm extractEntry examples/window.html
111 silly gunzTarPerm extractEntry examples/window.jsx
112 silly gunzTarPerm extractEntry src/computers/arrayInfiniteComputer.js
113 silly gunzTarPerm extractEntry src/computers/constantInfiniteComputer.js
114 silly gunzTarPerm extractEntry src/computers/infiniteComputer.js
115 silly gunzTarPerm extractEntry src/react-infinite.jsx
116 silly gunzTarPerm extractEntry src/utils/binaryIndexSearch.js
117 silly gunzTarPerm extractEntry src/utils/checkProps.js
118 silly gunzTarPerm extractEntry src/utils/establish-polyfills.js
119 silly gunzTarPerm extractEntry src/utils/infiniteHelpers.js
120 silly gunzTarPerm extractEntry src/utils/scaleEnum.js
121 silly gunzTarPerm extractEntry src/utils/types.js
122 silly gunzTarPerm extractEntry pipeline/browserify.js
123 silly gunzTarPerm extractEntry typelib/component/infinite_computer_types.js
124 silly gunzTarPerm extractEntry typelib/component/react_infinite_types.js
125 verbose write writing to /Users/carolgonzalez/Documents/ReactSlide/node_modules/react-infinite/package.json
126 info preinstall react-infinite@0.9.0
127 verbose readDependencies loading dependencies from /Users/carolgonzalez/Documents/ReactSlide/node_modules/react-infinite/package.json
128 silly prepareForInstallMany adding lodash.isarray@3.0.4 from react-infinite dependencies
129 silly prepareForInstallMany adding lodash.isfinite@3.2.0 from react-infinite dependencies
130 silly prepareForInstallMany adding object-assign@4.0.1 from react-infinite dependencies
131 silly prepareForInstallMany adding react@15.0.0-rc.1 from react-infinite peerDependencies
132 silly prepareForInstallMany adding react-dom@15.0.0-rc.1 from react-infinite peerDependencies
133 warn peerDependencies The peer dependency react@15.0.0-rc.1 included from react-infinite will no
134 warn peerDependencies longer be automatically installed to fulfill the peerDependency
135 warn peerDependencies in npm 3+. Your application will need to depend on it explicitly.
136 warn peerDependencies The peer dependency react-dom@15.0.0-rc.1 included from react-infinite will no
137 warn peerDependencies longer be automatically installed to fulfill the peerDependency
138 warn peerDependencies in npm 3+. Your application will need to depend on it explicitly.
139 verbose readDependencies loading dependencies from /Users/carolgonzalez/Documents/ReactSlide/node_modules/react-infinite/package.json
140 silly cache add args [ 'lodash.isfinite@3.2.0', null ]
141 verbose cache add spec lodash.isfinite@3.2.0
142 silly cache add parsed spec Result {
142 silly cache add   raw: 'lodash.isfinite@3.2.0',
142 silly cache add   scope: null,
142 silly cache add   name: 'lodash.isfinite',
142 silly cache add   rawSpec: '3.2.0',
142 silly cache add   spec: '3.2.0',
142 silly cache add   type: 'version' }
143 silly addNamed lodash.isfinite@3.2.0
144 verbose addNamed "3.2.0" is a plain semver version for lodash.isfinite
145 silly mapToRegistry name lodash.isfinite
146 silly mapToRegistry using default registry
147 silly mapToRegistry registry https://registry.npmjs.org/
148 silly mapToRegistry uri https://registry.npmjs.org/lodash.isfinite
149 verbose addNameVersion registry:https://registry.npmjs.org/lodash.isfinite not in flight; fetching
150 silly cache add args [ 'object-assign@4.0.1', null ]
151 verbose cache add spec object-assign@4.0.1
152 silly cache add parsed spec Result {
152 silly cache add   raw: 'object-assign@4.0.1',
152 silly cache add   scope: null,
152 silly cache add   name: 'object-assign',
152 silly cache add   rawSpec: '4.0.1',
152 silly cache add   spec: '4.0.1',
152 silly cache add   type: 'version' }
153 silly addNamed object-assign@4.0.1
154 verbose addNamed "4.0.1" is a plain semver version for object-assign
155 silly mapToRegistry name object-assign
156 silly mapToRegistry using default registry
157 silly mapToRegistry registry https://registry.npmjs.org/
158 silly mapToRegistry uri https://registry.npmjs.org/object-assign
159 verbose addNameVersion registry:https://registry.npmjs.org/object-assign not in flight; fetching
160 silly cache add args [ 'lodash.isarray@3.0.4', null ]
161 verbose cache add spec lodash.isarray@3.0.4
162 silly cache add parsed spec Result {
162 silly cache add   raw: 'lodash.isarray@3.0.4',
162 silly cache add   scope: null,
162 silly cache add   name: 'lodash.isarray',
162 silly cache add   rawSpec: '3.0.4',
162 silly cache add   spec: '3.0.4',
162 silly cache add   type: 'version' }
163 silly addNamed lodash.isarray@3.0.4
164 verbose addNamed "3.0.4" is a plain semver version for lodash.isarray
165 silly mapToRegistry name lodash.isarray
166 silly mapToRegistry using default registry
167 silly mapToRegistry registry https://registry.npmjs.org/
168 silly mapToRegistry uri https://registry.npmjs.org/lodash.isarray
169 verbose addNameVersion registry:https://registry.npmjs.org/lodash.isarray not in flight; fetching
170 verbose request uri https://registry.npmjs.org/lodash.isfinite
171 verbose request no auth needed
172 info attempt registry request try #1 at 1:54:08 PM
173 http request GET https://registry.npmjs.org/lodash.isfinite
174 verbose request uri https://registry.npmjs.org/object-assign
175 verbose request no auth needed
176 info attempt registry request try #1 at 1:54:08 PM
177 verbose etag "65X2Q5N9UHXIOQC804Y02T4I2"
178 http request GET https://registry.npmjs.org/object-assign
179 verbose request uri https://registry.npmjs.org/lodash.isarray
180 verbose request no auth needed
181 info attempt registry request try #1 at 1:54:08 PM
182 verbose etag "DD13L05CGB0BXKMJO8EVTLF3F"
183 http request GET https://registry.npmjs.org/lodash.isarray
184 http 304 https://registry.npmjs.org/object-assign
185 verbose headers { date: 'Thu, 07 Apr 2016 20:54:08 GMT',
185 verbose headers   via: '1.1 varnish',
185 verbose headers   'cache-control': 'max-age=300',
185 verbose headers   etag: '"65X2Q5N9UHXIOQC804Y02T4I2"',
185 verbose headers   age: '228',
185 verbose headers   connection: 'keep-alive',
185 verbose headers   'x-served-by': 'cache-dfw1845-DFW',
185 verbose headers   'x-cache': 'HIT',
185 verbose headers   'x-cache-hits': '12',
185 verbose headers   'x-timer': 'S1460062448.860126,VS0,VE0',
185 verbose headers   vary: 'Accept-Encoding' }
186 silly get cb [ 304,
186 silly get   { date: 'Thu, 07 Apr 2016 20:54:08 GMT',
186 silly get     via: '1.1 varnish',
186 silly get     'cache-control': 'max-age=300',
186 silly get     etag: '"65X2Q5N9UHXIOQC804Y02T4I2"',
186 silly get     age: '228',
186 silly get     connection: 'keep-alive',
186 silly get     'x-served-by': 'cache-dfw1845-DFW',
186 silly get     'x-cache': 'HIT',
186 silly get     'x-cache-hits': '12',
186 silly get     'x-timer': 'S1460062448.860126,VS0,VE0',
186 silly get     vary: 'Accept-Encoding' } ]
187 verbose etag https://registry.npmjs.org/object-assign from cache
188 verbose get saving object-assign to /Users/carolgonzalez/.npm/registry.npmjs.org/object-assign/.cache.json
189 silly cache afterAdd object-assign@4.0.1
190 verbose afterAdd /Users/carolgonzalez/.npm/object-assign/4.0.1/package/package.json not in flight; writing
191 http 304 https://registry.npmjs.org/lodash.isarray
192 verbose headers { date: 'Thu, 07 Apr 2016 20:54:08 GMT',
192 verbose headers   via: '1.1 varnish',
192 verbose headers   'cache-control': 'max-age=300',
192 verbose headers   etag: '"DD13L05CGB0BXKMJO8EVTLF3F"',
192 verbose headers   age: '60',
192 verbose headers   connection: 'keep-alive',
192 verbose headers   'x-served-by': 'cache-dfw1830-DFW',
192 verbose headers   'x-cache': 'HIT',
192 verbose headers   'x-cache-hits': '3',
192 verbose headers   'x-timer': 'S1460062448.869901,VS0,VE0',
192 verbose headers   vary: 'Accept-Encoding' }
193 silly get cb [ 304,
193 silly get   { date: 'Thu, 07 Apr 2016 20:54:08 GMT',
193 silly get     via: '1.1 varnish',
193 silly get     'cache-control': 'max-age=300',
193 silly get     etag: '"DD13L05CGB0BXKMJO8EVTLF3F"',
193 silly get     age: '60',
193 silly get     connection: 'keep-alive',
193 silly get     'x-served-by': 'cache-dfw1830-DFW',
193 silly get     'x-cache': 'HIT',
193 silly get     'x-cache-hits': '3',
193 silly get     'x-timer': 'S1460062448.869901,VS0,VE0',
193 silly get     vary: 'Accept-Encoding' } ]
194 verbose etag https://registry.npmjs.org/lodash.isarray from cache
195 verbose get saving lodash.isarray to /Users/carolgonzalez/.npm/registry.npmjs.org/lodash.isarray/.cache.json
196 verbose afterAdd /Users/carolgonzalez/.npm/object-assign/4.0.1/package/package.json written
197 silly cache afterAdd lodash.isarray@3.0.4
198 verbose afterAdd /Users/carolgonzalez/.npm/lodash.isarray/3.0.4/package/package.json not in flight; writing
199 verbose afterAdd /Users/carolgonzalez/.npm/lodash.isarray/3.0.4/package/package.json written
200 http 200 https://registry.npmjs.org/lodash.isfinite
201 verbose headers { server: 'CouchDB/1.5.0 (Erlang OTP/R16B03)',
201 verbose headers   etag: '"3B4B3YZOOYVK8TS4R62I29PGD"',
201 verbose headers   'content-type': 'application/json',
201 verbose headers   'content-encoding': 'gzip',
201 verbose headers   'cache-control': 'max-age=300',
201 verbose headers   'content-length': '2887',
201 verbose headers   'accept-ranges': 'bytes',
201 verbose headers   date: 'Thu, 07 Apr 2016 20:54:09 GMT',
201 verbose headers   via: '1.1 varnish',
201 verbose headers   age: '0',
201 verbose headers   connection: 'keep-alive',
201 verbose headers   'x-served-by': 'cache-dfw1843-DFW',
201 verbose headers   'x-cache': 'MISS',
201 verbose headers   'x-cache-hits': '0',
201 verbose headers   'x-timer': 'S1460062448.852146,VS0,VE258',
201 verbose headers   vary: 'Accept-Encoding' }
202 silly get cb [ 200,
202 silly get   { server: 'CouchDB/1.5.0 (Erlang OTP/R16B03)',
202 silly get     etag: '"3B4B3YZOOYVK8TS4R62I29PGD"',
202 silly get     'content-type': 'application/json',
202 silly get     'content-encoding': 'gzip',
202 silly get     'cache-control': 'max-age=300',
202 silly get     'content-length': '2887',
202 silly get     'accept-ranges': 'bytes',
202 silly get     date: 'Thu, 07 Apr 2016 20:54:09 GMT',
202 silly get     via: '1.1 varnish',
202 silly get     age: '0',
202 silly get     connection: 'keep-alive',
202 silly get     'x-served-by': 'cache-dfw1843-DFW',
202 silly get     'x-cache': 'MISS',
202 silly get     'x-cache-hits': '0',
202 silly get     'x-timer': 'S1460062448.852146,VS0,VE258',
202 silly get     vary: 'Accept-Encoding' } ]
203 verbose get saving lodash.isfinite to /Users/carolgonzalez/.npm/registry.npmjs.org/lodash.isfinite/.cache.json
204 silly mapToRegistry name lodash.isfinite
205 silly mapToRegistry using default registry
206 silly mapToRegistry registry https://registry.npmjs.org/
207 silly mapToRegistry uri https://registry.npmjs.org/lodash.isfinite
208 verbose addRemoteTarball https://registry.npmjs.org/lodash.isfinite/-/lodash.isfinite-3.2.0.tgz not in flight; adding
209 verbose addRemoteTarball [ 'https://registry.npmjs.org/lodash.isfinite/-/lodash.isfinite-3.2.0.tgz',
209 verbose addRemoteTarball   'aa69ffb93a37e82fab0ce18862655f9174ced339' ]
210 info retry fetch attempt 1 at 1:54:08 PM
211 info attempt registry request try #1 at 1:54:08 PM
212 http fetch GET https://registry.npmjs.org/lodash.isfinite/-/lodash.isfinite-3.2.0.tgz
213 http fetch 200 https://registry.npmjs.org/lodash.isfinite/-/lodash.isfinite-3.2.0.tgz
214 silly fetchAndShaCheck shasum aa69ffb93a37e82fab0ce18862655f9174ced339
215 verbose addTmpTarball /var/folders/_s/1ghwfb4167gdhst_8jv7rvvc0000gn/T/npm-8298-41ac2836/registry.npmjs.org/lodash.isfinite/-/lodash.isfinite-3.2.0.tgz not in flight; adding
216 verbose addTmpTarball already have metadata; skipping unpack for lodash.isfinite@3.2.0
217 silly cache afterAdd lodash.isfinite@3.2.0
218 verbose afterAdd /Users/carolgonzalez/.npm/lodash.isfinite/3.2.0/package/package.json not in flight; writing
219 verbose afterAdd /Users/carolgonzalez/.npm/lodash.isfinite/3.2.0/package/package.json written
220 silly install resolved [ { name: 'object-assign',
220 silly install resolved     version: '4.0.1',
220 silly install resolved     description: 'ES6 Object.assign() ponyfill',
220 silly install resolved     license: 'MIT',
220 silly install resolved     repository:
220 silly install resolved      { type: 'git',
220 silly install resolved        url: 'git+https://github.com/sindresorhus/object-assign.git' },
220 silly install resolved     author:
220 silly install resolved      { name: 'Sindre Sorhus',
220 silly install resolved        email: 'sindresorhus@gmail.com',
220 silly install resolved        url: 'http://sindresorhus.com' },
220 silly install resolved     engines: { node: '>=0.10.0' },
220 silly install resolved     scripts: { test: 'xo && mocha', bench: 'matcha bench.js' },
220 silly install resolved     files: [ 'index.js' ],
220 silly install resolved     keywords:
220 silly install resolved      [ 'object',
220 silly install resolved        'assign',
220 silly install resolved        'extend',
220 silly install resolved        'properties',
220 silly install resolved        'es6',
220 silly install resolved        'ecmascript',
220 silly install resolved        'harmony',
220 silly install resolved        'ponyfill',
220 silly install resolved        'prollyfill',
220 silly install resolved        'polyfill',
220 silly install resolved        'shim',
220 silly install resolved        'browser' ],
220 silly install resolved     devDependencies: { lodash: '^3.10.1', matcha: '^0.6.0', mocha: '*', xo: '*' },
220 silly install resolved     xo: { envs: [Object] },
220 silly install resolved     gitHead: 'b0c40d37cbc43e89ad3326a9bad4c6b3133ba6d3',
220 silly install resolved     bugs: { url: 'https://github.com/sindresorhus/object-assign/issues' },
220 silly install resolved     homepage: 'https://github.com/sindresorhus/object-assign#readme',
220 silly install resolved     _id: 'object-assign@4.0.1',
220 silly install resolved     _shasum: '99504456c3598b5cad4fc59c26e8a9bb107fe0bd',
220 silly install resolved     _from: 'object-assign@4.0.1',
220 silly install resolved     _npmVersion: '2.13.3',
220 silly install resolved     _nodeVersion: '3.0.0',
220 silly install resolved     _npmUser: { name: 'sindresorhus', email: 'sindresorhus@gmail.com' },
220 silly install resolved     dist:
220 silly install resolved      { shasum: '99504456c3598b5cad4fc59c26e8a9bb107fe0bd',
220 silly install resolved        tarball: 'http://registry.npmjs.org/object-assign/-/object-assign-4.0.1.tgz' },
220 silly install resolved     maintainers: [ [Object] ],
220 silly install resolved     directories: {},
220 silly install resolved     _resolved: 'https://registry.npmjs.org/object-assign/-/object-assign-4.0.1.tgz',
220 silly install resolved     readme: 'ERROR: No README data found!' },
220 silly install resolved   { name: 'lodash.isarray',
220 silly install resolved     version: '3.0.4',
220 silly install resolved     description: 'The modern build of lodash’s `_.isArray` as a module.',
220 silly install resolved     homepage: 'https://lodash.com/',
220 silly install resolved     icon: 'https://lodash.com/icon.svg',
220 silly install resolved     license: 'MIT',
220 silly install resolved     keywords: [ 'lodash', 'lodash-modularized', 'stdlib', 'util' ],
220 silly install resolved     author:
220 silly install resolved      { name: 'John-David Dalton',
220 silly install resolved        email: 'john.david.dalton@gmail.com',
220 silly install resolved        url: 'http://allyoucanleet.com/' },
220 silly install resolved     contributors: [ [Object], [Object], [Object], [Object], [Object] ],
220 silly install resolved     repository: { type: 'git', url: 'git+https://github.com/lodash/lodash.git' },
220 silly install resolved     scripts: { test: 'echo "See https://travis-ci.org/lodash/lodash-cli for testing details."' },
220 silly install resolved     bugs: { url: 'https://github.com/lodash/lodash/issues' },
220 silly install resolved     _id: 'lodash.isarray@3.0.4',
220 silly install resolved     _shasum: '79e4eb88c36a8122af86f844aa9bcd851b5fbb55',
220 silly install resolved     _from: 'lodash.isarray@3.0.4',
220 silly install resolved     _npmVersion: '2.12.0',
220 silly install resolved     _nodeVersion: '0.12.5',
220 silly install resolved     _npmUser: { name: 'jdalton', email: 'john.david.dalton@gmail.com' },
220 silly install resolved     maintainers: [ [Object], [Object], [Object], [Object], [Object] ],
220 silly install resolved     dist:
220 silly install resolved      { shasum: '79e4eb88c36a8122af86f844aa9bcd851b5fbb55',
220 silly install resolved        tarball: 'http://registry.npmjs.org/lodash.isarray/-/lodash.isarray-3.0.4.tgz' },
220 silly install resolved     directories: {},
220 silly install resolved     _resolved: 'https://registry.npmjs.org/lodash.isarray/-/lodash.isarray-3.0.4.tgz',
220 silly install resolved     readme: 'ERROR: No README data found!' },
220 silly install resolved   { name: 'lodash.isfinite',
220 silly install resolved     version: '3.2.0',
220 silly install resolved     description: 'The modern build of lodash’s `_.isFinite` as a module.',
220 silly install resolved     homepage: 'https://lodash.com/',
220 silly install resolved     icon: 'https://lodash.com/icon.svg',
220 silly install resolved     license: 'MIT',
220 silly install resolved     keywords: [ 'lodash', 'lodash-modularized', 'stdlib', 'util' ],
220 silly install resolved     author:
220 silly install resolved      { name: 'John-David Dalton',
220 silly install resolved        email: 'john.david.dalton@gmail.com',
220 silly install resolved        url: 'http://allyoucanleet.com/' },
220 silly install resolved     contributors: [ [Object], [Object], [Object], [Object], [Object] ],
220 silly install resolved     repository: { type: 'git', url: 'git+https://github.com/lodash/lodash.git' },
220 silly install resolved     scripts: { test: 'echo "See https://travis-ci.org/lodash/lodash-cli for testing details."' },
220 silly install resolved     bugs: { url: 'https://github.com/lodash/lodash/issues' },
220 silly install resolved     _id: 'lodash.isfinite@3.2.0',
220 silly install resolved     _shasum: 'aa69ffb93a37e82fab0ce18862655f9174ced339',
220 silly install resolved     _from: 'lodash.isfinite@3.2.0',
220 silly install resolved     _npmVersion: '2.12.0',
220 silly install resolved     _nodeVersion: '0.12.5',
220 silly install resolved     _npmUser: { name: 'jdalton', email: 'john.david.dalton@gmail.com' },
220 silly install resolved     maintainers: [ [Object], [Object], [Object], [Object], [Object] ],
220 silly install resolved     dist:
220 silly install resolved      { shasum: 'aa69ffb93a37e82fab0ce18862655f9174ced339',
220 silly install resolved        tarball: 'https://registry.npmjs.org/lodash.isfinite/-/lodash.isfinite-3.2.0.tgz' },
220 silly install resolved     directories: {},
220 silly install resolved     _resolved: 'https://registry.npmjs.org/lodash.isfinite/-/lodash.isfinite-3.2.0.tgz' } ]
221 info install object-assign@4.0.1 into /Users/carolgonzalez/Documents/ReactSlide/node_modules/react-infinite
222 info install lodash.isarray@3.0.4 into /Users/carolgonzalez/Documents/ReactSlide/node_modules/react-infinite
223 info install lodash.isfinite@3.2.0 into /Users/carolgonzalez/Documents/ReactSlide/node_modules/react-infinite
224 info installOne object-assign@4.0.1
225 verbose installOne of object-assign to /Users/carolgonzalez/Documents/ReactSlide/node_modules/react-infinite not in flight; installing
226 info installOne lodash.isarray@3.0.4
227 verbose installOne of lodash.isarray to /Users/carolgonzalez/Documents/ReactSlide/node_modules/react-infinite not in flight; installing
228 info installOne lodash.isfinite@3.2.0
229 verbose installOne of lodash.isfinite to /Users/carolgonzalez/Documents/ReactSlide/node_modules/react-infinite not in flight; installing
230 verbose lock using /Users/carolgonzalez/.npm/_locks/object-assign-3a18eb42ea42097f.lock for /Users/carolgonzalez/Documents/ReactSlide/node_modules/react-infinite/node_modules/object-assign
231 verbose lock using /Users/carolgonzalez/.npm/_locks/lodash-isarray-adf514d306c985a9.lock for /Users/carolgonzalez/Documents/ReactSlide/node_modules/react-infinite/node_modules/lodash.isarray
232 silly install write writing object-assign 4.0.1 to /Users/carolgonzalez/Documents/ReactSlide/node_modules/react-infinite/node_modules/object-assign
233 verbose lock using /Users/carolgonzalez/.npm/_locks/lodash-isfinite-fabd49fce7b0821e.lock for /Users/carolgonzalez/Documents/ReactSlide/node_modules/react-infinite/node_modules/lodash.isfinite
234 silly install write writing lodash.isarray 3.0.4 to /Users/carolgonzalez/Documents/ReactSlide/node_modules/react-infinite/node_modules/lodash.isarray
235 silly install write writing lodash.isfinite 3.2.0 to /Users/carolgonzalez/Documents/ReactSlide/node_modules/react-infinite/node_modules/lodash.isfinite
236 verbose unbuild node_modules/react-infinite/node_modules/object-assign
237 verbose unbuild node_modules/react-infinite/node_modules/lodash.isarray
238 verbose unbuild node_modules/react-infinite/node_modules/lodash.isfinite
239 silly gentlyRm /Users/carolgonzalez/Documents/ReactSlide/node_modules/react-infinite/node_modules/object-assign is being purged from base /Users/carolgonzalez/Documents/ReactSlide
240 verbose gentlyRm don't care about contents; nuking /Users/carolgonzalez/Documents/ReactSlide/node_modules/react-infinite/node_modules/object-assign
241 verbose tar unpack /Users/carolgonzalez/.npm/object-assign/4.0.1/package.tgz
242 verbose tar unpacking to /Users/carolgonzalez/Documents/ReactSlide/node_modules/react-infinite/node_modules/object-assign
243 silly gentlyRm /Users/carolgonzalez/Documents/ReactSlide/node_modules/react-infinite/node_modules/object-assign is being purged
244 verbose gentlyRm don't care about contents; nuking /Users/carolgonzalez/Documents/ReactSlide/node_modules/react-infinite/node_modules/object-assign
245 silly gentlyRm /Users/carolgonzalez/Documents/ReactSlide/node_modules/react-infinite/node_modules/lodash.isarray is being purged from base /Users/carolgonzalez/Documents/ReactSlide
246 verbose gentlyRm don't care about contents; nuking /Users/carolgonzalez/Documents/ReactSlide/node_modules/react-infinite/node_modules/lodash.isarray
247 silly gentlyRm /Users/carolgonzalez/Documents/ReactSlide/node_modules/react-infinite/node_modules/lodash.isfinite is being purged from base /Users/carolgonzalez/Documents/ReactSlide
248 verbose gentlyRm don't care about contents; nuking /Users/carolgonzalez/Documents/ReactSlide/node_modules/react-infinite/node_modules/lodash.isfinite
249 silly gunzTarPerm modes [ '755', '644' ]
250 verbose tar unpack /Users/carolgonzalez/.npm/lodash.isarray/3.0.4/package.tgz
251 verbose tar unpacking to /Users/carolgonzalez/Documents/ReactSlide/node_modules/react-infinite/node_modules/lodash.isarray
252 silly gentlyRm /Users/carolgonzalez/Documents/ReactSlide/node_modules/react-infinite/node_modules/lodash.isarray is being purged
253 verbose gentlyRm don't care about contents; nuking /Users/carolgonzalez/Documents/ReactSlide/node_modules/react-infinite/node_modules/lodash.isarray
254 verbose tar unpack /Users/carolgonzalez/.npm/lodash.isfinite/3.2.0/package.tgz
255 verbose tar unpacking to /Users/carolgonzalez/Documents/ReactSlide/node_modules/react-infinite/node_modules/lodash.isfinite
256 silly gentlyRm /Users/carolgonzalez/Documents/ReactSlide/node_modules/react-infinite/node_modules/lodash.isfinite is being purged
257 verbose gentlyRm don't care about contents; nuking /Users/carolgonzalez/Documents/ReactSlide/node_modules/react-infinite/node_modules/lodash.isfinite
258 silly gunzTarPerm modes [ '755', '644' ]
259 silly gunzTarPerm modes [ '755', '644' ]
260 silly gunzTarPerm extractEntry package.json
261 silly gunzTarPerm extractEntry package.json
262 silly gunzTarPerm extractEntry package.json
263 silly gunzTarPerm extractEntry README.md
264 silly gunzTarPerm extractEntry LICENSE
265 silly gunzTarPerm extractEntry README.md
266 silly gunzTarPerm extractEntry LICENSE
267 silly gunzTarPerm extractEntry index.js
268 silly gunzTarPerm extractEntry license
269 silly gunzTarPerm extractEntry index.js
270 silly gunzTarPerm extractEntry index.js
271 silly gunzTarPerm extractEntry readme.md
272 verbose write writing to /Users/carolgonzalez/Documents/ReactSlide/node_modules/react-infinite/node_modules/lodash.isfinite/package.json
273 verbose write writing to /Users/carolgonzalez/Documents/ReactSlide/node_modules/react-infinite/node_modules/lodash.isarray/package.json
274 verbose write writing to /Users/carolgonzalez/Documents/ReactSlide/node_modules/react-infinite/node_modules/object-assign/package.json
275 info preinstall lodash.isfinite@3.2.0
276 verbose readDependencies loading dependencies from /Users/carolgonzalez/Documents/ReactSlide/node_modules/react-infinite/node_modules/lodash.isfinite/package.json
277 info preinstall lodash.isarray@3.0.4
278 info preinstall object-assign@4.0.1
279 verbose readDependencies loading dependencies from /Users/carolgonzalez/Documents/ReactSlide/node_modules/react-infinite/node_modules/lodash.isarray/package.json
280 verbose readDependencies loading dependencies from /Users/carolgonzalez/Documents/ReactSlide/node_modules/react-infinite/node_modules/object-assign/package.json
281 verbose readDependencies loading dependencies from /Users/carolgonzalez/Documents/ReactSlide/node_modules/react-infinite/node_modules/lodash.isarray/package.json
282 verbose readDependencies loading dependencies from /Users/carolgonzalez/Documents/ReactSlide/node_modules/react-infinite/node_modules/lodash.isfinite/package.json
283 verbose readDependencies loading dependencies from /Users/carolgonzalez/Documents/ReactSlide/node_modules/react-infinite/node_modules/object-assign/package.json
284 silly install resolved []
285 verbose about to build /Users/carolgonzalez/Documents/ReactSlide/node_modules/react-infinite/node_modules/lodash.isarray
286 info build /Users/carolgonzalez/Documents/ReactSlide/node_modules/react-infinite/node_modules/lodash.isarray
287 silly install resolved []
288 verbose about to build /Users/carolgonzalez/Documents/ReactSlide/node_modules/react-infinite/node_modules/object-assign
289 info build /Users/carolgonzalez/Documents/ReactSlide/node_modules/react-infinite/node_modules/object-assign
290 info linkStuff lodash.isarray@3.0.4
291 silly linkStuff lodash.isarray@3.0.4 has /Users/carolgonzalez/Documents/ReactSlide/node_modules/react-infinite/node_modules as its parent node_modules
292 silly install resolved []
293 verbose about to build /Users/carolgonzalez/Documents/ReactSlide/node_modules/react-infinite/node_modules/lodash.isfinite
294 info build /Users/carolgonzalez/Documents/ReactSlide/node_modules/react-infinite/node_modules/lodash.isfinite
295 info linkStuff object-assign@4.0.1
296 silly linkStuff object-assign@4.0.1 has /Users/carolgonzalez/Documents/ReactSlide/node_modules/react-infinite/node_modules as its parent node_modules
297 info linkStuff lodash.isfinite@3.2.0
298 silly linkStuff lodash.isfinite@3.2.0 has /Users/carolgonzalez/Documents/ReactSlide/node_modules/react-infinite/node_modules as its parent node_modules
299 verbose linkBins lodash.isarray@3.0.4
300 verbose linkMans lodash.isarray@3.0.4
301 verbose rebuildBundles lodash.isarray@3.0.4
302 info install lodash.isarray@3.0.4
303 verbose linkBins object-assign@4.0.1
304 verbose linkMans object-assign@4.0.1
305 verbose rebuildBundles object-assign@4.0.1
306 info postinstall lodash.isarray@3.0.4
307 info install object-assign@4.0.1
308 info postinstall object-assign@4.0.1
309 verbose unlock done using /Users/carolgonzalez/.npm/_locks/lodash-isarray-adf514d306c985a9.lock for /Users/carolgonzalez/Documents/ReactSlide/node_modules/react-infinite/node_modules/lodash.isarray
310 verbose linkBins lodash.isfinite@3.2.0
311 verbose linkMans lodash.isfinite@3.2.0
312 verbose rebuildBundles lodash.isfinite@3.2.0
313 verbose unlock done using /Users/carolgonzalez/.npm/_locks/object-assign-3a18eb42ea42097f.lock for /Users/carolgonzalez/Documents/ReactSlide/node_modules/react-infinite/node_modules/object-assign
314 info install lodash.isfinite@3.2.0
315 info postinstall lodash.isfinite@3.2.0
316 verbose unlock done using /Users/carolgonzalez/.npm/_locks/lodash-isfinite-fabd49fce7b0821e.lock for /Users/carolgonzalez/Documents/ReactSlide/node_modules/react-infinite/node_modules/lodash.isfinite
317 verbose about to build /Users/carolgonzalez/Documents/ReactSlide/node_modules/react-infinite
318 info build /Users/carolgonzalez/Documents/ReactSlide/node_modules/react-infinite
319 info linkStuff react-infinite@0.9.0
320 silly linkStuff react-infinite@0.9.0 has /Users/carolgonzalez/Documents/ReactSlide/node_modules as its parent node_modules
321 verbose linkBins react-infinite@0.9.0
322 verbose linkMans react-infinite@0.9.0
323 verbose rebuildBundles react-infinite@0.9.0
324 verbose rebuildBundles [ 'lodash.isarray', 'lodash.isfinite', 'object-assign' ]
325 info install react-infinite@0.9.0
326 info postinstall react-infinite@0.9.0
327 verbose readDependencies loading dependencies from /Users/carolgonzalez/Documents/ReactSlide/package.json
328 verbose targetResolver reading package data from /Users/carolgonzalez/Documents/ReactSlide/node_modules/babel/package.json
329 verbose targetResolver reading package data from /Users/carolgonzalez/Documents/ReactSlide/node_modules/babel-core/package.json
330 verbose targetResolver reading package data from /Users/carolgonzalez/Documents/ReactSlide/node_modules/babel-loader/package.json
331 verbose targetResolver reading package data from /Users/carolgonzalez/Documents/ReactSlide/node_modules/babel-preset-es2015/package.json
332 verbose targetResolver reading package data from /Users/carolgonzalez/Documents/ReactSlide/node_modules/babel-preset-react/package.json
333 verbose targetResolver reading package data from /Users/carolgonzalez/Documents/ReactSlide/node_modules/jquery/package.json
334 verbose targetResolver reading package data from /Users/carolgonzalez/Documents/ReactSlide/node_modules/nodemon/package.json
335 verbose targetResolver reading package data from /Users/carolgonzalez/Documents/ReactSlide/node_modules/react/package.json
336 verbose targetResolver reading package data from /Users/carolgonzalez/Documents/ReactSlide/node_modules/react-dom/package.json
337 verbose targetResolver reading package data from /Users/carolgonzalez/Documents/ReactSlide/node_modules/react-infinite/package.json
338 verbose targetResolver reading package data from /Users/carolgonzalez/Documents/ReactSlide/node_modules/react-masonry-component/package.json
339 verbose targetResolver reading package data from /Users/carolgonzalez/Documents/ReactSlide/node_modules/webpack/package.json
340 verbose targetResolver reading package data from /Users/carolgonzalez/Documents/ReactSlide/node_modules/.bin/babel/package.json
341 verbose targetResolver reading package data from /Users/carolgonzalez/Documents/ReactSlide/node_modules/.bin/babel-external-helpers/package.json
342 verbose targetResolver reading package data from /Users/carolgonzalez/Documents/ReactSlide/node_modules/.bin/babel-node/package.json
343 verbose targetResolver reading package data from /Users/carolgonzalez/Documents/ReactSlide/node_modules/.bin/nodemon/package.json
344 verbose targetResolver reading package data from /Users/carolgonzalez/Documents/ReactSlide/node_modules/.bin/webpack/package.json
345 verbose already installed skipping react@15.0.0-rc.1 /Users/carolgonzalez/Documents/ReactSlide
346 verbose already installed skipping react-dom@15.0.0-rc.1 /Users/carolgonzalez/Documents/ReactSlide
347 silly install resolved []
348 verbose unlock done using /Users/carolgonzalez/.npm/_locks/react-infinite-4e8a5a45ab835a26.lock for /Users/carolgonzalez/Documents/ReactSlide/node_modules/react-infinite
349 verbose validateInstall loading /Users/carolgonzalez/Documents/ReactSlide/package.json for validation
350 verbose stack Error: The package react@0.14.8 does not satisfy its siblings' peerDependencies requirements!
350 verbose stack     at /usr/local/lib/node_modules/npm/lib/install.js:125:32
350 verbose stack     at /usr/local/lib/node_modules/npm/lib/install.js:268:7
350 verbose stack     at /usr/local/lib/node_modules/npm/node_modules/read-installed/read-installed.js:142:5
350 verbose stack     at /usr/local/lib/node_modules/npm/node_modules/read-installed/read-installed.js:263:14
350 verbose stack     at cb (/usr/local/lib/node_modules/npm/node_modules/slide/lib/async-map.js:47:24)
350 verbose stack     at /usr/local/lib/node_modules/npm/node_modules/read-installed/read-installed.js:263:14
350 verbose stack     at cb (/usr/local/lib/node_modules/npm/node_modules/slide/lib/async-map.js:47:24)
350 verbose stack     at /usr/local/lib/node_modules/npm/node_modules/read-installed/read-installed.js:263:14
350 verbose stack     at cb (/usr/local/lib/node_modules/npm/node_modules/slide/lib/async-map.js:47:24)
350 verbose stack     at /usr/local/lib/node_modules/npm/node_modules/read-installed/read-installed.js:263:14
351 verbose cwd /Users/carolgonzalez/Documents/ReactSlide
352 error Darwin 15.3.0
353 error argv "/usr/local/bin/node" "/usr/local/bin/npm" "install" "react-infinite" "--save"
354 error node v4.3.0
355 error npm  v2.14.12
356 error code EPEERINVALID
357 error peerinvalid The package react@0.14.8 does not satisfy its siblings' peerDependencies requirements!
357 error peerinvalid Peer react-dom@0.14.8 wants react@^0.14.8
357 error peerinvalid Peer react-masonry-component@4.0.0 wants react@>= 0.14.0
357 error peerinvalid Peer react-infinite@0.9.0 wants react@15.0.0-rc.1
358 verbose exit [ 1, true ]
